# JRE version: OpenJDK Runtime Environment (11.0.3+7) (build 11.0.3+7-Ubuntu-1ubuntu218.04.1)
# Java VM: OpenJDK 64-Bit Server VM (11.0.3+7-Ubuntu-1ubuntu218.04.1, mixed mode, sharing, tiered, compressed oops, g1 gc, linux-amd64)
Heap:
 garbage-first heap   total 356352K, used 221113K [0x0000000755e00000, 0x0000000800000000)
  region size 1024K, 204 young (208896K), 7 survivors (7168K)
 Metaspace       used 36360K, capacity 37174K, committed 37424K, reserved 1083392K
  class space    used 4036K, capacity 4391K, committed 4480K, reserved 1048576K
GC Heap History (10 events):
Event: 1,235 GC heap before
{Heap before GC invocations=2 (full 0):
 garbage-first heap   total 178176K, used 38702K [0x0000000755e00000, 0x0000000800000000)
  region size 1024K, 34 young (34816K), 1 survivors (1024K)
 Metaspace       used 9921K, capacity 10240K, committed 10496K, reserved 1058816K
  class space    used 1145K, capacity 1249K, committed 1280K, reserved 1048576K
}
Event: 1,253 GC heap after
{Heap after GC invocations=3 (full 0):
 garbage-first heap   total 178176K, used 10313K [0x0000000755e00000, 0x0000000800000000)
  region size 1024K, 5 young (5120K), 5 survivors (5120K)
 Metaspace       used 9921K, capacity 10240K, committed 10496K, reserved 1058816K
  class space    used 1145K, capacity 1249K, committed 1280K, reserved 1048576K
}
Event: 2,111 GC heap before
{Heap before GC invocations=3 (full 0):
 garbage-first heap   total 178176K, used 50249K [0x0000000755e00000, 0x0000000800000000)
  region size 1024K, 44 young (45056K), 5 survivors (5120K)
 Metaspace       used 19089K, capacity 19570K, committed 19712K, reserved 1067008K
  class space    used 2305K, capacity 2508K, committed 2560K, reserved 1048576K
}
Event: 2,133 GC heap after
{Heap after GC invocations=4 (full 0):
 garbage-first heap   total 178176K, used 13792K [0x0000000755e00000, 0x0000000800000000)
  region size 1024K, 4 young (4096K), 4 survivors (4096K)
 Metaspace       used 19089K, capacity 19570K, committed 19712K, reserved 1067008K
  class space    used 2305K, capacity 2508K, committed 2560K, reserved 1048576K
}
Event: 2,480 GC heap before
{Heap before GC invocations=4 (full 0):
 garbage-first heap   total 178176K, used 27104K [0x0000000755e00000, 0x0000000800000000)
  region size 1024K, 18 young (18432K), 4 survivors (4096K)
 Metaspace       used 20639K, capacity 21115K, committed 21296K, reserved 1069056K
  class space    used 2406K, capacity 2613K, committed 2688K, reserved 1048576K
}
Event: 2,489 GC heap after
{Heap after GC invocations=5 (full 0):
 garbage-first heap   total 356352K, used 13975K [0x0000000755e00000, 0x0000000800000000)
  region size 1024K, 4 young (4096K), 4 survivors (4096K)
 Metaspace       used 20639K, capacity 21115K, committed 21296K, reserved 1069056K
  class space    used 2406K, capacity 2613K, committed 2688K, reserved 1048576K
}
Event: 193,729 GC heap before
{Heap before GC invocations=6 (full 0):
 garbage-first heap   total 356352K, used 71319K [0x0000000755e00000, 0x0000000800000000)
  region size 1024K, 60 young (61440K), 4 survivors (4096K)
 Metaspace       used 33027K, capacity 33755K, committed 34096K, reserved 1079296K
  class space    used 3824K, capacity 4122K, committed 4224K, reserved 1048576K
}
Event: 193,753 GC heap after
{Heap after GC invocations=7 (full 0):
 garbage-first heap   total 356352K, used 17638K [0x0000000755e00000, 0x0000000800000000)
  region size 1024K, 8 young (8192K), 8 survivors (8192K)
 Metaspace       used 33027K, capacity 33755K, committed 34096K, reserved 1079296K
  class space    used 3824K, capacity 4122K, committed 4224K, reserved 1048576K
}
Event: 18204,295 GC heap before
{Heap before GC invocations=8 (full 0):
 garbage-first heap   total 356352K, used 107750K [0x0000000755e00000, 0x0000000800000000)
  region size 1024K, 96 young (98304K), 8 survivors (8192K)
 Metaspace       used 36037K, capacity 36905K, committed 37168K, reserved 1081344K
  class space    used 4023K, capacity 4389K, committed 4480K, reserved 1048576K
}
Event: 18204,323 GC heap after
{Heap after GC invocations=9 (full 0):
 garbage-first heap   total 356352K, used 20409K [0x0000000755e00000, 0x0000000800000000)
  region size 1024K, 7 young (7168K), 7 survivors (7168K)
 Metaspace       used 36037K, capacity 36905K, committed 37168K, reserved 1081344K
  class space    used 4023K, capacity 4389K, committed 4480K, reserved 1048576K
}

