# JRE version: OpenJDK Runtime Environment (11.0.3+7) (build 11.0.3+7-Ubuntu-1ubuntu218.04.1)
# Java VM: OpenJDK 64-Bit Server VM (11.0.3+7-Ubuntu-1ubuntu218.04.1, mixed mode, sharing, tiered, compressed oops, g1 gc, linux-amd64)
Heap:
 garbage-first heap   total 345088K, used 203823K [0x0000000755e00000, 0x0000000800000000)
  region size 1024K, 187 young (191488K), 8 survivors (8192K)
 Metaspace       used 36092K, capacity 36914K, committed 37168K, reserved 1081344K
  class space    used 4033K, capacity 4392K, committed 4480K, reserved 1048576K
GC Heap History (10 events):
Event: 0,487 GC heap before
{Heap before GC invocations=1 (full 0):
 garbage-first heap   total 178176K, used 13374K [0x0000000755e00000, 0x0000000800000000)
  region size 1024K, 12 young (12288K), 2 survivors (2048K)
 Metaspace       used 2035K, capacity 4559K, committed 4864K, reserved 1056768K
  class space    used 177K, capacity 389K, committed 512K, reserved 1048576K
}
Event: 0,512 GC heap after
{Heap after GC invocations=2 (full 0):
 garbage-first heap   total 178176K, used 8493K [0x0000000755e00000, 0x0000000800000000)
  region size 1024K, 2 young (2048K), 2 survivors (2048K)
 Metaspace       used 2035K, capacity 4559K, committed 4864K, reserved 1056768K
  class space    used 177K, capacity 389K, committed 512K, reserved 1048576K
}
Event: 1,385 GC heap before
{Heap before GC invocations=2 (full 0):
 garbage-first heap   total 178176K, used 44333K [0x0000000755e00000, 0x0000000800000000)
  region size 1024K, 37 young (37888K), 2 survivors (2048K)
 Metaspace       used 10567K, capacity 10918K, committed 11136K, reserved 1058816K
  class space    used 1231K, capacity 1369K, committed 1408K, reserved 1048576K
}
Event: 1,399 GC heap after
{Heap after GC invocations=3 (full 0):
 garbage-first heap   total 178176K, used 13862K [0x0000000755e00000, 0x0000000800000000)
  region size 1024K, 5 young (5120K), 5 survivors (5120K)
 Metaspace       used 10567K, capacity 10918K, committed 11136K, reserved 1058816K
  class space    used 1231K, capacity 1369K, committed 1408K, reserved 1048576K
}
Event: 2,800 GC heap before
{Heap before GC invocations=3 (full 0):
 garbage-first heap   total 178176K, used 51750K [0x0000000755e00000, 0x0000000800000000)
  region size 1024K, 42 young (43008K), 5 survivors (5120K)
 Metaspace       used 18860K, capacity 19337K, committed 19712K, reserved 1067008K
  class space    used 2286K, capacity 2473K, committed 2560K, reserved 1048576K
}
Event: 2,809 GC heap after
{Heap after GC invocations=4 (full 0):
 garbage-first heap   total 178176K, used 17095K [0x0000000755e00000, 0x0000000800000000)
  region size 1024K, 4 young (4096K), 4 survivors (4096K)
 Metaspace       used 18860K, capacity 19337K, committed 19712K, reserved 1067008K
  class space    used 2286K, capacity 2473K, committed 2560K, reserved 1048576K
}
Event: 3,337 GC heap before
{Heap before GC invocations=4 (full 0):
 garbage-first heap   total 178176K, used 32455K [0x0000000755e00000, 0x0000000800000000)
  region size 1024K, 20 young (20480K), 4 survivors (4096K)
 Metaspace       used 20640K, capacity 21150K, committed 21296K, reserved 1069056K
  class space    used 2412K, capacity 2646K, committed 2688K, reserved 1048576K
}
Event: 3,345 GC heap after
{Heap after GC invocations=5 (full 0):
 garbage-first heap   total 345088K, used 17269K [0x0000000755e00000, 0x0000000800000000)
  region size 1024K, 4 young (4096K), 4 survivors (4096K)
 Metaspace       used 20640K, capacity 21150K, committed 21296K, reserved 1069056K
  class space    used 2412K, capacity 2646K, committed 2688K, reserved 1048576K
}
Event: 1640,738 GC heap before
{Heap before GC invocations=6 (full 0):
 garbage-first heap   total 345088K, used 86901K [0x0000000755e00000, 0x0000000800000000)
  region size 1024K, 72 young (73728K), 4 survivors (4096K)
 Metaspace       used 34373K, capacity 35160K, committed 35504K, reserved 1081344K
  class space    used 3941K, capacity 4269K, committed 4352K, reserved 1048576K
}
Event: 1640,779 GC heap after
{Heap after GC invocations=7 (full 0):
 garbage-first heap   total 345088K, used 21551K [0x0000000755e00000, 0x0000000800000000)
  region size 1024K, 8 young (8192K), 8 survivors (8192K)
 Metaspace       used 34373K, capacity 35160K, committed 35504K, reserved 1081344K
  class space    used 3941K, capacity 4269K, committed 4352K, reserved 1048576K
}

